{"/Users/andriipostoliuk/Prj/text-diff/packages/lib/src/index.ts": {"path":"/Users/andriipostoliuk/Prj/text-diff/packages/lib/src/index.ts","statementMap":{"0":{"start":{"line":5,"column":21},"end":{"line":5,"column":44}},"1":{"start":{"line":7,"column":23},"end":{"line":7,"column":93}},"2":{"start":{"line":7,"column":52},"end":{"line":7,"column":93}},"3":{"start":{"line":7,"column":64},"end":{"line":7,"column":93}},"4":{"start":{"line":7,"column":85},"end":{"line":7,"column":89}},"5":{"start":{"line":8,"column":25},"end":{"line":8,"column":115}},"6":{"start":{"line":8,"column":48},"end":{"line":8,"column":115}},"7":{"start":{"line":8,"column":69},"end":{"line":8,"column":113}},"8":{"start":{"line":9,"column":31},"end":{"line":9,"column":122}},"9":{"start":{"line":9,"column":53},"end":{"line":9,"column":122}},"10":{"start":{"line":9,"column":83},"end":{"line":9,"column":122}},"11":{"start":{"line":9,"column":99},"end":{"line":9,"column":121}},"12":{"start":{"line":12,"column":26},"end":{"line":28,"column":1}},"13":{"start":{"line":13,"column":21},"end":{"line":13,"column":37}},"14":{"start":{"line":15,"column":2},"end":{"line":25,"column":3}},"15":{"start":{"line":15,"column":15},"end":{"line":15,"column":16}},"16":{"start":{"line":16,"column":4},"end":{"line":16,"column":23}},"17":{"start":{"line":18,"column":4},"end":{"line":24,"column":5}},"18":{"start":{"line":18,"column":17},"end":{"line":18,"column":18}},"19":{"start":{"line":19,"column":6},"end":{"line":23,"column":34}},"20":{"start":{"line":20,"column":8},"end":{"line":20,"column":29}},"21":{"start":{"line":21,"column":13},"end":{"line":23,"column":34}},"22":{"start":{"line":22,"column":8},"end":{"line":22,"column":29}},"23":{"start":{"line":23,"column":13},"end":{"line":23,"column":34}},"24":{"start":{"line":27,"column":2},"end":{"line":27,"column":20}},"25":{"start":{"line":31,"column":32},"end":{"line":53,"column":1}},"26":{"start":{"line":36,"column":21},"end":{"line":36,"column":37}},"27":{"start":{"line":38,"column":2},"end":{"line":51,"column":3}},"28":{"start":{"line":38,"column":15},"end":{"line":38,"column":16}},"29":{"start":{"line":39,"column":4},"end":{"line":50,"column":5}},"30":{"start":{"line":39,"column":17},"end":{"line":39,"column":18}},"31":{"start":{"line":40,"column":6},"end":{"line":40,"column":34}},"32":{"start":{"line":41,"column":6},"end":{"line":41,"column":42}},"33":{"start":{"line":42,"column":6},"end":{"line":42,"column":32}},"34":{"start":{"line":43,"column":6},"end":{"line":49,"column":7}},"35":{"start":{"line":45,"column":8},"end":{"line":45,"column":36}},"36":{"start":{"line":48,"column":8},"end":{"line":48,"column":60}},"37":{"start":{"line":52,"column":2},"end":{"line":52,"column":20}},"38":{"start":{"line":55,"column":17},"end":{"line":114,"column":1}},"39":{"start":{"line":56,"column":18},"end":{"line":56,"column":20}},"40":{"start":{"line":57,"column":10},"end":{"line":57,"column":21}},"41":{"start":{"line":58,"column":10},"end":{"line":58,"column":19}},"42":{"start":{"line":66,"column":2},"end":{"line":112,"column":3}},"43":{"start":{"line":67,"column":4},"end":{"line":110,"column":5}},"44":{"start":{"line":69,"column":6},"end":{"line":69,"column":25}},"45":{"start":{"line":70,"column":6},"end":{"line":70,"column":17}},"46":{"start":{"line":71,"column":6},"end":{"line":71,"column":13}},"47":{"start":{"line":72,"column":6},"end":{"line":72,"column":13}},"48":{"start":{"line":74,"column":6},"end":{"line":78,"column":7}},"49":{"start":{"line":75,"column":8},"end":{"line":75,"column":26}},"50":{"start":{"line":77,"column":8},"end":{"line":77,"column":29}},"51":{"start":{"line":79,"column":6},"end":{"line":83,"column":7}},"52":{"start":{"line":80,"column":8},"end":{"line":80,"column":28}},"53":{"start":{"line":82,"column":8},"end":{"line":82,"column":31}},"54":{"start":{"line":84,"column":6},"end":{"line":88,"column":7}},"55":{"start":{"line":85,"column":8},"end":{"line":85,"column":32}},"56":{"start":{"line":87,"column":8},"end":{"line":87,"column":39}},"57":{"start":{"line":89,"column":6},"end":{"line":89,"column":44}},"58":{"start":{"line":90,"column":6},"end":{"line":109,"column":7}},"59":{"start":{"line":92,"column":8},"end":{"line":92,"column":25}},"60":{"start":{"line":93,"column":8},"end":{"line":93,"column":19}},"61":{"start":{"line":94,"column":8},"end":{"line":94,"column":15}},"62":{"start":{"line":95,"column":13},"end":{"line":109,"column":7}},"63":{"start":{"line":97,"column":8},"end":{"line":97,"column":27}},"64":{"start":{"line":98,"column":8},"end":{"line":98,"column":19}},"65":{"start":{"line":99,"column":8},"end":{"line":99,"column":15}},"66":{"start":{"line":100,"column":13},"end":{"line":109,"column":7}},"67":{"start":{"line":102,"column":8},"end":{"line":102,"column":27}},"68":{"start":{"line":103,"column":8},"end":{"line":105,"column":10}},"69":{"start":{"line":107,"column":8},"end":{"line":107,"column":15}},"70":{"start":{"line":108,"column":8},"end":{"line":108,"column":15}},"71":{"start":{"line":111,"column":4},"end":{"line":111,"column":33}},"72":{"start":{"line":113,"column":2},"end":{"line":113,"column":27}}},"fnMap":{"0":{"name":"(anonymous_0)","decl":{"start":{"line":7,"column":23},"end":{"line":7,"column":24}},"loc":{"start":{"line":7,"column":52},"end":{"line":7,"column":93}},"line":7},"1":{"name":"(anonymous_1)","decl":{"start":{"line":7,"column":52},"end":{"line":7,"column":53}},"loc":{"start":{"line":7,"column":64},"end":{"line":7,"column":93}},"line":7},"2":{"name":"(anonymous_2)","decl":{"start":{"line":7,"column":75},"end":{"line":7,"column":76}},"loc":{"start":{"line":7,"column":85},"end":{"line":7,"column":89}},"line":7},"3":{"name":"(anonymous_3)","decl":{"start":{"line":8,"column":25},"end":{"line":8,"column":26}},"loc":{"start":{"line":8,"column":48},"end":{"line":8,"column":115}},"line":8},"4":{"name":"(anonymous_4)","decl":{"start":{"line":8,"column":58},"end":{"line":8,"column":59}},"loc":{"start":{"line":8,"column":69},"end":{"line":8,"column":113}},"line":8},"5":{"name":"(anonymous_5)","decl":{"start":{"line":9,"column":31},"end":{"line":9,"column":32}},"loc":{"start":{"line":9,"column":53},"end":{"line":9,"column":122}},"line":9},"6":{"name":"(anonymous_6)","decl":{"start":{"line":9,"column":53},"end":{"line":9,"column":54}},"loc":{"start":{"line":9,"column":83},"end":{"line":9,"column":122}},"line":9},"7":{"name":"(anonymous_7)","decl":{"start":{"line":9,"column":91},"end":{"line":9,"column":92}},"loc":{"start":{"line":9,"column":99},"end":{"line":9,"column":121}},"line":9},"8":{"name":"(anonymous_8)","decl":{"start":{"line":12,"column":26},"end":{"line":12,"column":27}},"loc":{"start":{"line":12,"column":52},"end":{"line":28,"column":1}},"line":12},"9":{"name":"(anonymous_9)","decl":{"start":{"line":31,"column":32},"end":{"line":31,"column":33}},"loc":{"start":{"line":31,"column":58},"end":{"line":53,"column":1}},"line":31},"10":{"name":"(anonymous_10)","decl":{"start":{"line":55,"column":17},"end":{"line":55,"column":18}},"loc":{"start":{"line":55,"column":38},"end":{"line":114,"column":1}},"line":55}},"branchMap":{"0":{"loc":{"start":{"line":8,"column":69},"end":{"line":8,"column":113}},"type":"cond-expr","locations":[{"start":{"line":8,"column":91},"end":{"line":8,"column":106}},{"start":{"line":8,"column":109},"end":{"line":8,"column":113}}],"line":8},"1":{"loc":{"start":{"line":12,"column":37},"end":{"line":12,"column":47}},"type":"default-arg","locations":[{"start":{"line":12,"column":45},"end":{"line":12,"column":47}}],"line":12},"2":{"loc":{"start":{"line":19,"column":6},"end":{"line":23,"column":34}},"type":"if","locations":[{"start":{"line":19,"column":6},"end":{"line":23,"column":34}},{"start":{"line":19,"column":6},"end":{"line":23,"column":34}}],"line":19},"3":{"loc":{"start":{"line":21,"column":13},"end":{"line":23,"column":34}},"type":"if","locations":[{"start":{"line":21,"column":13},"end":{"line":23,"column":34}},{"start":{"line":21,"column":13},"end":{"line":23,"column":34}}],"line":21},"4":{"loc":{"start":{"line":31,"column":43},"end":{"line":31,"column":53}},"type":"default-arg","locations":[{"start":{"line":31,"column":51},"end":{"line":31,"column":53}}],"line":31},"5":{"loc":{"start":{"line":43,"column":6},"end":{"line":49,"column":7}},"type":"if","locations":[{"start":{"line":43,"column":6},"end":{"line":49,"column":7}},{"start":{"line":43,"column":6},"end":{"line":49,"column":7}}],"line":43},"6":{"loc":{"start":{"line":66,"column":9},"end":{"line":66,"column":23}},"type":"binary-expr","locations":[{"start":{"line":66,"column":9},"end":{"line":66,"column":14}},{"start":{"line":66,"column":18},"end":{"line":66,"column":23}}],"line":66},"7":{"loc":{"start":{"line":67,"column":4},"end":{"line":110,"column":5}},"type":"if","locations":[{"start":{"line":67,"column":4},"end":{"line":110,"column":5}},{"start":{"line":67,"column":4},"end":{"line":110,"column":5}}],"line":67},"8":{"loc":{"start":{"line":74,"column":6},"end":{"line":78,"column":7}},"type":"if","locations":[{"start":{"line":74,"column":6},"end":{"line":78,"column":7}},{"start":{"line":74,"column":6},"end":{"line":78,"column":7}}],"line":74},"9":{"loc":{"start":{"line":79,"column":6},"end":{"line":83,"column":7}},"type":"if","locations":[{"start":{"line":79,"column":6},"end":{"line":83,"column":7}},{"start":{"line":79,"column":6},"end":{"line":83,"column":7}}],"line":79},"10":{"loc":{"start":{"line":84,"column":6},"end":{"line":88,"column":7}},"type":"if","locations":[{"start":{"line":84,"column":6},"end":{"line":88,"column":7}},{"start":{"line":84,"column":6},"end":{"line":88,"column":7}}],"line":84},"11":{"loc":{"start":{"line":84,"column":10},"end":{"line":84,"column":32}},"type":"binary-expr","locations":[{"start":{"line":84,"column":10},"end":{"line":84,"column":19}},{"start":{"line":84,"column":23},"end":{"line":84,"column":32}}],"line":84},"12":{"loc":{"start":{"line":90,"column":6},"end":{"line":109,"column":7}},"type":"if","locations":[{"start":{"line":90,"column":6},"end":{"line":109,"column":7}},{"start":{"line":90,"column":6},"end":{"line":109,"column":7}}],"line":90},"13":{"loc":{"start":{"line":95,"column":13},"end":{"line":109,"column":7}},"type":"if","locations":[{"start":{"line":95,"column":13},"end":{"line":109,"column":7}},{"start":{"line":95,"column":13},"end":{"line":109,"column":7}}],"line":95},"14":{"loc":{"start":{"line":100,"column":13},"end":{"line":109,"column":7}},"type":"if","locations":[{"start":{"line":100,"column":13},"end":{"line":109,"column":7}},{"start":{"line":100,"column":13},"end":{"line":109,"column":7}}],"line":100}},"s":{"0":1,"1":1,"2":2,"3":1,"4":3,"5":1,"6":9,"7":12,"8":1,"9":4,"10":3,"11":7,"12":1,"13":0,"14":0,"15":0,"16":0,"17":0,"18":0,"19":0,"20":0,"21":0,"22":0,"23":0,"24":0,"25":1,"26":0,"27":0,"28":0,"29":0,"30":0,"31":0,"32":0,"33":0,"34":0,"35":0,"36":0,"37":0,"38":1,"39":0,"40":0,"41":0,"42":0,"43":0,"44":0,"45":0,"46":0,"47":0,"48":0,"49":0,"50":0,"51":0,"52":0,"53":0,"54":0,"55":0,"56":0,"57":0,"58":0,"59":0,"60":0,"61":0,"62":0,"63":0,"64":0,"65":0,"66":0,"67":0,"68":0,"69":0,"70":0,"71":0,"72":0},"f":{"0":2,"1":1,"2":3,"3":9,"4":12,"5":4,"6":3,"7":7,"8":0,"9":0,"10":0},"b":{"0":[6,6],"1":[0],"2":[0,0],"3":[0,0],"4":[0],"5":[0,0],"6":[0,0],"7":[0,0],"8":[0,0],"9":[0,0],"10":[0,0],"11":[0,0],"12":[0,0],"13":[0,0],"14":[0,0]},"_coverageSchema":"1a1c01bbd47fc00a2c39e90264f33305004495a9","hash":"fad691b9bc5beeb8e28f8d7a048f67f37c07078b"}
}
