TN:
SF:src/index.ts
FN:7,(anonymous_0)
FN:7,(anonymous_1)
FN:7,(anonymous_2)
FN:8,(anonymous_3)
FN:8,(anonymous_4)
FN:9,(anonymous_5)
FN:9,(anonymous_6)
FN:9,(anonymous_7)
FN:12,(anonymous_8)
FN:31,(anonymous_9)
FN:55,(anonymous_10)
FNF:11
FNH:8
FNDA:2,(anonymous_0)
FNDA:1,(anonymous_1)
FNDA:3,(anonymous_2)
FNDA:9,(anonymous_3)
FNDA:12,(anonymous_4)
FNDA:4,(anonymous_5)
FNDA:3,(anonymous_6)
FNDA:7,(anonymous_7)
FNDA:0,(anonymous_8)
FNDA:0,(anonymous_9)
FNDA:0,(anonymous_10)
DA:5,1
DA:7,3
DA:8,12
DA:9,7
DA:12,1
DA:13,0
DA:15,0
DA:16,0
DA:18,0
DA:19,0
DA:20,0
DA:21,0
DA:22,0
DA:23,0
DA:27,0
DA:31,1
DA:36,0
DA:38,0
DA:39,0
DA:40,0
DA:41,0
DA:42,0
DA:43,0
DA:45,0
DA:48,0
DA:52,0
DA:55,1
DA:56,0
DA:57,0
DA:58,0
DA:66,0
DA:67,0
DA:69,0
DA:70,0
DA:71,0
DA:72,0
DA:74,0
DA:75,0
DA:77,0
DA:79,0
DA:80,0
DA:82,0
DA:84,0
DA:85,0
DA:87,0
DA:89,0
DA:90,0
DA:92,0
DA:93,0
DA:94,0
DA:95,0
DA:97,0
DA:98,0
DA:99,0
DA:100,0
DA:102,0
DA:103,0
DA:107,0
DA:108,0
DA:111,0
DA:113,0
LF:61
LH:7
BRDA:8,0,0,6
BRDA:8,0,1,6
BRDA:12,1,0,0
BRDA:19,2,0,0
BRDA:19,2,1,0
BRDA:21,3,0,0
BRDA:21,3,1,0
BRDA:31,4,0,0
BRDA:43,5,0,0
BRDA:43,5,1,0
BRDA:66,6,0,0
BRDA:66,6,1,0
BRDA:67,7,0,0
BRDA:67,7,1,0
BRDA:74,8,0,0
BRDA:74,8,1,0
BRDA:79,9,0,0
BRDA:79,9,1,0
BRDA:84,10,0,0
BRDA:84,10,1,0
BRDA:84,11,0,0
BRDA:84,11,1,0
BRDA:90,12,0,0
BRDA:90,12,1,0
BRDA:95,13,0,0
BRDA:95,13,1,0
BRDA:100,14,0,0
BRDA:100,14,1,0
BRF:28
BRH:2
end_of_record
